[INFO] Creating database mogesmar on https://appwrite.lipoout.com/v1 (Project: mogesmar)
{"message":"Database already exists","code":409,"type":"database_already_exists","version":"1.8.0"}
HTTP_STATUS:409
[INFO] Creating collections from appwrite.merged.json ...
[201] create collection empresas -> {"$id":"empresas","$createdAt":"2025-11-24T18:42:03.191+00:00","$updatedAt":"2025-11-24T18:42:03.191+00:00","$permissions":[],"databaseId":"mogesmar","name":"Empresas","enabled":true,"documentSecurity":false,"attributes":[],"indexes":[]}
[201] create collection clientes -> {"$id":"clientes","$createdAt":"2025-11-24T18:42:03.531+00:00","$updatedAt":"2025-11-24T18:42:03.531+00:00","$permissions":[],"databaseId":"mogesmar","name":"Clientes","enabled":true,"documentSecurity":false,"attributes":[],"indexes":[]}
[201] create collection configuracion -> {"$id":"configuracion","$createdAt":"2025-11-24T18:42:03.833+00:00","$updatedAt":"2025-11-24T18:42:03.833+00:00","$permissions":[],"databaseId":"mogesmar","name":"Configuracion","enabled":true,"documentSecurity":false,"attributes":[],"indexes":[]}
[201] create collection empleados -> {"$id":"empleados","$createdAt":"2025-11-24T18:42:04.095+00:00","$updatedAt":"2025-11-24T18:42:04.095+00:00","$permissions":[],"databaseId":"mogesmar","name":"Empleados","enabled":true,"documentSecurity":false,"attributes":[],"indexes":[]}
[201] create collection familias -> {"$id":"familias","$createdAt":"2025-11-24T18:42:04.372+00:00","$updatedAt":"2025-11-24T18:42:04.372+00:00","$permissions":[],"databaseId":"mogesmar","name":"Familias","enabled":true,"documentSecurity":false,"attributes":[],"indexes":[]}
[201] create collection articulos -> {"$id":"articulos","$createdAt":"2025-11-24T18:42:04.621+00:00","$updatedAt":"2025-11-24T18:42:04.621+00:00","$permissions":[],"databaseId":"mogesmar","name":"Articulos","enabled":true,"documentSecurity":false,"attributes":[],"indexes":[]}
[201] create collection citas -> {"$id":"citas","$createdAt":"2025-11-24T18:42:04.871+00:00","$updatedAt":"2025-11-24T18:42:04.871+00:00","$permissions":[],"databaseId":"mogesmar","name":"Citas","enabled":true,"documentSecurity":false,"attributes":[],"indexes":[]}
[201] create collection facturas -> {"$id":"facturas","$createdAt":"2025-11-24T18:42:05.115+00:00","$updatedAt":"2025-11-24T18:42:05.115+00:00","$permissions":[],"databaseId":"mogesmar","name":"Facturas","enabled":true,"documentSecurity":false,"attributes":[],"indexes":[]}
[201] create collection bonos_cliente -> {"$id":"bonos_cliente","$createdAt":"2025-11-24T18:42:05.380+00:00","$updatedAt":"2025-11-24T18:42:05.380+00:00","$permissions":[],"databaseId":"mogesmar","name":"bonos_cliente","enabled":true,"documentSecurity":false,"attributes":[],"indexes":[]}
[201] create collection recursos -> {"$id":"recursos","$createdAt":"2025-11-24T18:42:05.623+00:00","$updatedAt":"2025-11-24T18:42:05.623+00:00","$permissions":[],"databaseId":"mogesmar","name":"Recursos","enabled":true,"documentSecurity":false,"attributes":[],"indexes":[]}
[201] create collection proveedores -> {"$id":"proveedores","$createdAt":"2025-11-24T18:42:05.862+00:00","$updatedAt":"2025-11-24T18:42:05.862+00:00","$permissions":[],"databaseId":"mogesmar","name":"Proveedores","enabled":true,"documentSecurity":false,"attributes":[],"indexes":[]}
[201] create collection aparatos -> {"$id":"aparatos","$createdAt":"2025-11-24T18:42:06.112+00:00","$updatedAt":"2025-11-24T18:42:06.112+00:00","$permissions":[],"databaseId":"mogesmar","name":"Aparatos","enabled":true,"documentSecurity":false,"attributes":[],"indexes":[]}
[201] create collection plantillas_documentos -> {"$id":"plantillas_documentos","$createdAt":"2025-11-24T18:42:06.356+00:00","$updatedAt":"2025-11-24T18:42:06.356+00:00","$permissions":[],"databaseId":"mogesmar","name":"plantillas_documentos","enabled":true,"documentSecurity":false,"attributes":[],"indexes":[]}
[201] create collection auditoria -> {"$id":"auditoria","$createdAt":"2025-11-24T18:42:06.598+00:00","$updatedAt":"2025-11-24T18:42:06.598+00:00","$permissions":[],"databaseId":"mogesmar","name":"auditoria","enabled":true,"documentSecurity":false,"attributes":[],"indexes":[]}
[201] create collection notificaciones -> {"$id":"notificaciones","$createdAt":"2025-11-24T18:42:06.846+00:00","$updatedAt":"2025-11-24T18:42:06.846+00:00","$permissions":[],"databaseId":"mogesmar","name":"notificaciones","enabled":true,"documentSecurity":false,"attributes":[],"indexes":[]}
[201] create collection message_logs -> {"$id":"message_logs","$createdAt":"2025-11-24T18:42:07.085+00:00","$updatedAt":"2025-11-24T18:42:07.085+00:00","$permissions":[],"databaseId":"mogesmar","name":"Message_Logs","enabled":true,"documentSecurity":false,"attributes":[],"indexes":[]}
[201] create collection templates -> {"$id":"templates","$createdAt":"2025-11-24T18:42:07.346+00:00","$updatedAt":"2025-11-24T18:42:07.346+00:00","$permissions":[],"databaseId":"mogesmar","name":"Templates","enabled":true,"documentSecurity":false,"attributes":[],"indexes":[]}
[201] create collection campaigns -> {"$id":"campaigns","$createdAt":"2025-11-24T18:42:07.599+00:00","$updatedAt":"2025-11-24T18:42:07.599+00:00","$permissions":[],"databaseId":"mogesmar","name":"Campaigns","enabled":true,"documentSecurity":false,"attributes":[],"indexes":[]}
[201] create collection import_logs -> {"$id":"import_logs","$createdAt":"2025-11-24T18:42:07.839+00:00","$updatedAt":"2025-11-24T18:42:07.839+00:00","$permissions":[],"databaseId":"mogesmar","name":"Import_Logs","enabled":true,"documentSecurity":false,"attributes":[],"indexes":[]}
[201] create collection campaign_progress -> {"$id":"campaign_progress","$createdAt":"2025-11-24T18:42:08.091+00:00","$updatedAt":"2025-11-24T18:42:08.091+00:00","$permissions":[],"databaseId":"mogesmar","name":"Campaign_Progress","enabled":true,"documentSecurity":false,"attributes":[],"indexes":[]}
[201] create collection sesiones_clinicas -> {"$id":"sesiones_clinicas","$createdAt":"2025-11-24T18:42:08.339+00:00","$updatedAt":"2025-11-24T18:42:08.339+00:00","$permissions":[],"databaseId":"mogesmar","name":"sesiones_clinicas","enabled":true,"documentSecurity":false,"attributes":[],"indexes":[]}
[201] create collection permisos -> {"$id":"permisos","$createdAt":"2025-11-24T18:42:08.585+00:00","$updatedAt":"2025-11-24T18:42:08.585+00:00","$permissions":[],"databaseId":"mogesmar","name":"permisos","enabled":true,"documentSecurity":false,"attributes":[],"indexes":[]}
[201] create collection usuario_empresas -> {"$id":"usuario_empresas","$createdAt":"2025-11-24T18:42:08.840+00:00","$updatedAt":"2025-11-24T18:42:08.840+00:00","$permissions":[],"databaseId":"mogesmar","name":"usuario_empresas","enabled":true,"documentSecurity":false,"attributes":[],"indexes":[]}
[201] create collection migration_logs -> {"$id":"migration_logs","$createdAt":"2025-11-24T18:42:09.095+00:00","$updatedAt":"2025-11-24T18:42:09.095+00:00","$permissions":[],"databaseId":"mogesmar","name":"Migration Logs","enabled":true,"documentSecurity":false,"attributes":[],"indexes":[]}
[201] create collection agenda_appointments -> {"$id":"agenda_appointments","$createdAt":"2025-11-24T18:42:09.352+00:00","$updatedAt":"2025-11-24T18:42:09.352+00:00","$permissions":[],"databaseId":"mogesmar","name":"Agenda Appointments","enabled":true,"documentSecurity":false,"attributes":[],"indexes":[]}
[201] create collection agenda_employees -> {"$id":"agenda_employees","$createdAt":"2025-11-24T18:42:09.599+00:00","$updatedAt":"2025-11-24T18:42:09.599+00:00","$permissions":[],"databaseId":"mogesmar","name":"Agenda Employees","enabled":true,"documentSecurity":false,"attributes":[],"indexes":[]}
[201] create collection article_families -> {"$id":"article_families","$createdAt":"2025-11-24T18:42:09.832+00:00","$updatedAt":"2025-11-24T18:42:09.832+00:00","$permissions":[],"databaseId":"mogesmar","name":"Article Families","enabled":true,"documentSecurity":false,"attributes":[],"indexes":[]}
[201] create collection article_variations -> {"$id":"article_variations","$createdAt":"2025-11-24T18:42:10.082+00:00","$updatedAt":"2025-11-24T18:42:10.082+00:00","$permissions":[],"databaseId":"mogesmar","name":"Article Variations","enabled":true,"documentSecurity":false,"attributes":[],"indexes":[]}
[201] create collection articles -> {"$id":"articles","$createdAt":"2025-11-24T18:42:10.319+00:00","$updatedAt":"2025-11-24T18:42:10.319+00:00","$permissions":[],"databaseId":"mogesmar","name":"Articles","enabled":true,"documentSecurity":false,"attributes":[],"indexes":[]}
[201] create collection colors -> {"$id":"colors","$createdAt":"2025-11-24T18:42:10.573+00:00","$updatedAt":"2025-11-24T18:42:10.573+00:00","$permissions":[],"databaseId":"mogesmar","name":"Colors","enabled":true,"documentSecurity":false,"attributes":[],"indexes":[]}
[201] create collection customer_contacts -> {"$id":"customer_contacts","$createdAt":"2025-11-24T18:42:10.807+00:00","$updatedAt":"2025-11-24T18:42:10.807+00:00","$permissions":[],"databaseId":"mogesmar","name":"Customer Contacts","enabled":true,"documentSecurity":false,"attributes":[],"indexes":[]}
[201] create collection customer_shipping_addresses -> {"$id":"customer_shipping_addresses","$createdAt":"2025-11-24T18:42:11.056+00:00","$updatedAt":"2025-11-24T18:42:11.056+00:00","$permissions":[],"databaseId":"mogesmar","name":"Customer Shipping Addresses","enabled":true,"documentSecurity":false,"attributes":[],"indexes":[]}
[201] create collection delivery_note_items -> {"$id":"delivery_note_items","$createdAt":"2025-11-24T18:42:11.291+00:00","$updatedAt":"2025-11-24T18:42:11.291+00:00","$permissions":[],"databaseId":"mogesmar","name":"Delivery Note Items","enabled":true,"documentSecurity":false,"attributes":[],"indexes":[]}
[201] create collection delivery_notes -> {"$id":"delivery_notes","$createdAt":"2025-11-24T18:42:11.528+00:00","$updatedAt":"2025-11-24T18:42:11.528+00:00","$permissions":[],"databaseId":"mogesmar","name":"Delivery Notes","enabled":true,"documentSecurity":false,"attributes":[],"indexes":[]}
[201] create collection document_categories -> {"$id":"document_categories","$createdAt":"2025-11-24T18:42:11.774+00:00","$updatedAt":"2025-11-24T18:42:11.774+00:00","$permissions":[],"databaseId":"mogesmar","name":"Document Categories","enabled":true,"documentSecurity":false,"attributes":[],"indexes":[]}
[201] create collection documents -> {"$id":"documents","$createdAt":"2025-11-24T18:42:12.023+00:00","$updatedAt":"2025-11-24T18:42:12.023+00:00","$permissions":[],"databaseId":"mogesmar","name":"Documents","enabled":true,"documentSecurity":false,"attributes":[],"indexes":[]}
[201] create collection permissions -> {"$id":"permissions","$createdAt":"2025-11-24T18:42:12.265+00:00","$updatedAt":"2025-11-24T18:42:12.265+00:00","$permissions":[],"databaseId":"mogesmar","name":"Permissions","enabled":true,"documentSecurity":false,"attributes":[],"indexes":[]}
[201] create collection planilla_items -> {"$id":"planilla_items","$createdAt":"2025-11-24T18:42:12.519+00:00","$updatedAt":"2025-11-24T18:42:12.519+00:00","$permissions":[],"databaseId":"mogesmar","name":"Planilla Items","enabled":true,"documentSecurity":false,"attributes":[],"indexes":[]}
[201] create collection planillas -> {"$id":"planillas","$createdAt":"2025-11-24T18:42:12.759+00:00","$updatedAt":"2025-11-24T18:42:12.759+00:00","$permissions":[],"databaseId":"mogesmar","name":"Planillas","enabled":true,"documentSecurity":false,"attributes":[],"indexes":[]}
[201] create collection prestashop_configurations -> {"$id":"prestashop_configurations","$createdAt":"2025-11-24T18:42:13.007+00:00","$updatedAt":"2025-11-24T18:42:13.007+00:00","$permissions":[],"databaseId":"mogesmar","name":"Prestashop Configurations","enabled":true,"documentSecurity":false,"attributes":[],"indexes":[]}
[201] create collection prestashop_product_mappings -> {"$id":"prestashop_product_mappings","$createdAt":"2025-11-24T18:42:13.244+00:00","$updatedAt":"2025-11-24T18:42:13.244+00:00","$permissions":[],"databaseId":"mogesmar","name":"Prestashop Product Mappings","enabled":true,"documentSecurity":false,"attributes":[],"indexes":[]}
[201] create collection prestashop_sync_logs -> {"$id":"prestashop_sync_logs","$createdAt":"2025-11-24T18:42:13.482+00:00","$updatedAt":"2025-11-24T18:42:13.482+00:00","$permissions":[],"databaseId":"mogesmar","name":"Prestashop Sync Logs","enabled":true,"documentSecurity":false,"attributes":[],"indexes":[]}
[201] create collection prestashop_sync_queue -> {"$id":"prestashop_sync_queue","$createdAt":"2025-11-24T18:42:13.728+00:00","$updatedAt":"2025-11-24T18:42:13.728+00:00","$permissions":[],"databaseId":"mogesmar","name":"Prestashop Sync Queue","enabled":true,"documentSecurity":false,"attributes":[],"indexes":[]}
[201] create collection presupuestos_n -> {"$id":"presupuestos_n","$createdAt":"2025-11-24T18:42:13.968+00:00","$updatedAt":"2025-11-24T18:42:13.968+00:00","$permissions":[],"databaseId":"mogesmar","name":"Presupuestos N","enabled":true,"documentSecurity":false,"attributes":[],"indexes":[]}
[201] create collection presupuestos_n_items -> {"$id":"presupuestos_n_items","$createdAt":"2025-11-24T18:42:14.221+00:00","$updatedAt":"2025-11-24T18:42:14.221+00:00","$permissions":[],"databaseId":"mogesmar","name":"Presupuestos N Items","enabled":true,"documentSecurity":false,"attributes":[],"indexes":[]}
[201] create collection quote_items -> {"$id":"quote_items","$createdAt":"2025-11-24T18:42:14.476+00:00","$updatedAt":"2025-11-24T18:42:14.476+00:00","$permissions":[],"databaseId":"mogesmar","name":"Quote Items","enabled":true,"documentSecurity":false,"attributes":[],"indexes":[]}
[201] create collection quotes -> {"$id":"quotes","$createdAt":"2025-11-24T18:42:14.724+00:00","$updatedAt":"2025-11-24T18:42:14.724+00:00","$permissions":[],"databaseId":"mogesmar","name":"Quotes","enabled":true,"documentSecurity":false,"attributes":[],"indexes":[]}
[201] create collection role_permissions -> {"$id":"role_permissions","$createdAt":"2025-11-24T18:42:14.973+00:00","$updatedAt":"2025-11-24T18:42:14.973+00:00","$permissions":[],"databaseId":"mogesmar","name":"Role Permissions","enabled":true,"documentSecurity":false,"attributes":[],"indexes":[]}
[201] create collection roles -> {"$id":"roles","$createdAt":"2025-11-24T18:42:15.217+00:00","$updatedAt":"2025-11-24T18:42:15.217+00:00","$permissions":[],"databaseId":"mogesmar","name":"Roles","enabled":true,"documentSecurity":false,"attributes":[],"indexes":[]}
[201] create collection sale_items -> {"$id":"sale_items","$createdAt":"2025-11-24T18:42:15.469+00:00","$updatedAt":"2025-11-24T18:42:15.469+00:00","$permissions":[],"databaseId":"mogesmar","name":"Sale Items","enabled":true,"documentSecurity":false,"attributes":[],"indexes":[]}
[201] create collection sales -> {"$id":"sales","$createdAt":"2025-11-24T18:42:15.709+00:00","$updatedAt":"2025-11-24T18:42:15.709+00:00","$permissions":[],"databaseId":"mogesmar","name":"Sales","enabled":true,"documentSecurity":false,"attributes":[],"indexes":[]}
[201] create collection superusers -> {"$id":"superusers","$createdAt":"2025-11-24T18:42:15.964+00:00","$updatedAt":"2025-11-24T18:42:15.964+00:00","$permissions":[],"databaseId":"mogesmar","name":"Superusers","enabled":true,"documentSecurity":false,"attributes":[],"indexes":[]}
[201] create collection suppliers -> {"$id":"suppliers","$createdAt":"2025-11-24T18:42:16.204+00:00","$updatedAt":"2025-11-24T18:42:16.204+00:00","$permissions":[],"databaseId":"mogesmar","name":"Suppliers","enabled":true,"documentSecurity":false,"attributes":[],"indexes":[]}
[201] create collection system_settings -> {"$id":"system_settings","$createdAt":"2025-11-24T18:42:16.438+00:00","$updatedAt":"2025-11-24T18:42:16.438+00:00","$permissions":[],"databaseId":"mogesmar","name":"System Settings","enabled":true,"documentSecurity":false,"attributes":[],"indexes":[]}
[201] create collection user_appearance_preferences -> {"$id":"user_appearance_preferences","$createdAt":"2025-11-24T18:42:16.691+00:00","$updatedAt":"2025-11-24T18:42:16.691+00:00","$permissions":[],"databaseId":"mogesmar","name":"User Appearance Preferences","enabled":true,"documentSecurity":false,"attributes":[],"indexes":[]}
[201] create collection user_company_roles -> {"$id":"user_company_roles","$createdAt":"2025-11-24T18:42:16.950+00:00","$updatedAt":"2025-11-24T18:42:16.950+00:00","$permissions":[],"databaseId":"mogesmar","name":"User Company Roles","enabled":true,"documentSecurity":false,"attributes":[],"indexes":[]}
[201] create collection user_permissions -> {"$id":"user_permissions","$createdAt":"2025-11-24T18:42:17.200+00:00","$updatedAt":"2025-11-24T18:42:17.200+00:00","$permissions":[],"databaseId":"mogesmar","name":"User Permissions","enabled":true,"documentSecurity":false,"attributes":[],"indexes":[]}
[201] create collection verifactu_certificates -> {"$id":"verifactu_certificates","$createdAt":"2025-11-24T18:42:17.438+00:00","$updatedAt":"2025-11-24T18:42:17.438+00:00","$permissions":[],"databaseId":"mogesmar","name":"Verifactu Certificates","enabled":true,"documentSecurity":false,"attributes":[],"indexes":[]}
[201] create collection verifactu_company_config -> {"$id":"verifactu_company_config","$createdAt":"2025-11-24T18:42:17.680+00:00","$updatedAt":"2025-11-24T18:42:17.680+00:00","$permissions":[],"databaseId":"mogesmar","name":"Verifactu Company Config","enabled":true,"documentSecurity":false,"attributes":[],"indexes":[]}
[201] create collection verifactu_logs -> {"$id":"verifactu_logs","$createdAt":"2025-11-24T18:42:17.918+00:00","$updatedAt":"2025-11-24T18:42:17.918+00:00","$permissions":[],"databaseId":"mogesmar","name":"Verifactu Logs","enabled":true,"documentSecurity":false,"attributes":[],"indexes":[]}
[201] create collection verifactu_queue -> {"$id":"verifactu_queue","$createdAt":"2025-11-24T18:42:18.170+00:00","$updatedAt":"2025-11-24T18:42:18.170+00:00","$permissions":[],"databaseId":"mogesmar","name":"Verifactu Queue","enabled":true,"documentSecurity":false,"attributes":[],"indexes":[]}
[201] create collection verifactu_xml_documents -> {"$id":"verifactu_xml_documents","$createdAt":"2025-11-24T18:42:18.420+00:00","$updatedAt":"2025-11-24T18:42:18.420+00:00","$permissions":[],"databaseId":"mogesmar","name":"Verifactu Xml Documents","enabled":true,"documentSecurity":false,"attributes":[],"indexes":[]}
[INFO] Creating database mogesmar on https://appwrite.lipoout.com/v1 (Project: mogesmar)
{"message":"Database already exists","code":409,"type":"database_already_exists","version":"1.8.0"}
HTTP_STATUS:409
[INFO] Creating collections from appwrite.merged.json ...
[409] create collection empresas -> {"message":"A collection with the requested ID already exists. Try again with a different ID or use ID.unique() to generate a unique ID.","code":409,"type":"collection_already_exists","version":"1.8.0"}
[409] create collection clientes -> {"message":"A collection with the requested ID already exists. Try again with a different ID or use ID.unique() to generate a unique ID.","code":409,"type":"collection_already_exists","version":"1.8.0"}
[409] create collection configuracion -> {"message":"A collection with the requested ID already exists. Try again with a different ID or use ID.unique() to generate a unique ID.","code":409,"type":"collection_already_exists","version":"1.8.0"}
[409] create collection empleados -> {"message":"A collection with the requested ID already exists. Try again with a different ID or use ID.unique() to generate a unique ID.","code":409,"type":"collection_already_exists","version":"1.8.0"}
[409] create collection familias -> {"message":"A collection with the requested ID already exists. Try again with a different ID or use ID.unique() to generate a unique ID.","code":409,"type":"collection_already_exists","version":"1.8.0"}
[409] create collection articulos -> {"message":"A collection with the requested ID already exists. Try again with a different ID or use ID.unique() to generate a unique ID.","code":409,"type":"collection_already_exists","version":"1.8.0"}
[409] create collection citas -> {"message":"A collection with the requested ID already exists. Try again with a different ID or use ID.unique() to generate a unique ID.","code":409,"type":"collection_already_exists","version":"1.8.0"}
[409] create collection facturas -> {"message":"A collection with the requested ID already exists. Try again with a different ID or use ID.unique() to generate a unique ID.","code":409,"type":"collection_already_exists","version":"1.8.0"}
[409] create collection bonos_cliente -> {"message":"A collection with the requested ID already exists. Try again with a different ID or use ID.unique() to generate a unique ID.","code":409,"type":"collection_already_exists","version":"1.8.0"}
[409] create collection recursos -> {"message":"A collection with the requested ID already exists. Try again with a different ID or use ID.unique() to generate a unique ID.","code":409,"type":"collection_already_exists","version":"1.8.0"}
[409] create collection proveedores -> {"message":"A collection with the requested ID already exists. Try again with a different ID or use ID.unique() to generate a unique ID.","code":409,"type":"collection_already_exists","version":"1.8.0"}
[409] create collection aparatos -> {"message":"A collection with the requested ID already exists. Try again with a different ID or use ID.unique() to generate a unique ID.","code":409,"type":"collection_already_exists","version":"1.8.0"}
[409] create collection plantillas_documentos -> {"message":"A collection with the requested ID already exists. Try again with a different ID or use ID.unique() to generate a unique ID.","code":409,"type":"collection_already_exists","version":"1.8.0"}
[409] create collection auditoria -> {"message":"A collection with the requested ID already exists. Try again with a different ID or use ID.unique() to generate a unique ID.","code":409,"type":"collection_already_exists","version":"1.8.0"}
[409] create collection notificaciones -> {"message":"A collection with the requested ID already exists. Try again with a different ID or use ID.unique() to generate a unique ID.","code":409,"type":"collection_already_exists","version":"1.8.0"}
[409] create collection message_logs -> {"message":"A collection with the requested ID already exists. Try again with a different ID or use ID.unique() to generate a unique ID.","code":409,"type":"collection_already_exists","version":"1.8.0"}
[409] create collection templates -> {"message":"A collection with the requested ID already exists. Try again with a different ID or use ID.unique() to generate a unique ID.","code":409,"type":"collection_already_exists","version":"1.8.0"}
[409] create collection campaigns -> {"message":"A collection with the requested ID already exists. Try again with a different ID or use ID.unique() to generate a unique ID.","code":409,"type":"collection_already_exists","version":"1.8.0"}
[409] create collection import_logs -> {"message":"A collection with the requested ID already exists. Try again with a different ID or use ID.unique() to generate a unique ID.","code":409,"type":"collection_already_exists","version":"1.8.0"}
[409] create collection campaign_progress -> {"message":"A collection with the requested ID already exists. Try again with a different ID or use ID.unique() to generate a unique ID.","code":409,"type":"collection_already_exists","version":"1.8.0"}
[409] create collection sesiones_clinicas -> {"message":"A collection with the requested ID already exists. Try again with a different ID or use ID.unique() to generate a unique ID.","code":409,"type":"collection_already_exists","version":"1.8.0"}
[409] create collection permisos -> {"message":"A collection with the requested ID already exists. Try again with a different ID or use ID.unique() to generate a unique ID.","code":409,"type":"collection_already_exists","version":"1.8.0"}
[409] create collection usuario_empresas -> {"message":"A collection with the requested ID already exists. Try again with a different ID or use ID.unique() to generate a unique ID.","code":409,"type":"collection_already_exists","version":"1.8.0"}
[409] create collection migration_logs -> {"message":"A collection with the requested ID already exists. Try again with a different ID or use ID.unique() to generate a unique ID.","code":409,"type":"collection_already_exists","version":"1.8.0"}
[409] create collection agenda_appointments -> {"message":"A collection with the requested ID already exists. Try again with a different ID or use ID.unique() to generate a unique ID.","code":409,"type":"collection_already_exists","version":"1.8.0"}
[409] create collection agenda_employees -> {"message":"A collection with the requested ID already exists. Try again with a different ID or use ID.unique() to generate a unique ID.","code":409,"type":"collection_already_exists","version":"1.8.0"}
[409] create collection article_families -> {"message":"A collection with the requested ID already exists. Try again with a different ID or use ID.unique() to generate a unique ID.","code":409,"type":"collection_already_exists","version":"1.8.0"}
[409] create collection article_variations -> {"message":"A collection with the requested ID already exists. Try again with a different ID or use ID.unique() to generate a unique ID.","code":409,"type":"collection_already_exists","version":"1.8.0"}
[409] create collection articles -> {"message":"A collection with the requested ID already exists. Try again with a different ID or use ID.unique() to generate a unique ID.","code":409,"type":"collection_already_exists","version":"1.8.0"}
[409] create collection colors -> {"message":"A collection with the requested ID already exists. Try again with a different ID or use ID.unique() to generate a unique ID.","code":409,"type":"collection_already_exists","version":"1.8.0"}
[409] create collection customer_contacts -> {"message":"A collection with the requested ID already exists. Try again with a different ID or use ID.unique() to generate a unique ID.","code":409,"type":"collection_already_exists","version":"1.8.0"}
[409] create collection customer_shipping_addresses -> {"message":"A collection with the requested ID already exists. Try again with a different ID or use ID.unique() to generate a unique ID.","code":409,"type":"collection_already_exists","version":"1.8.0"}
[409] create collection delivery_note_items -> {"message":"A collection with the requested ID already exists. Try again with a different ID or use ID.unique() to generate a unique ID.","code":409,"type":"collection_already_exists","version":"1.8.0"}
[409] create collection delivery_notes -> {"message":"A collection with the requested ID already exists. Try again with a different ID or use ID.unique() to generate a unique ID.","code":409,"type":"collection_already_exists","version":"1.8.0"}
[409] create collection document_categories -> {"message":"A collection with the requested ID already exists. Try again with a different ID or use ID.unique() to generate a unique ID.","code":409,"type":"collection_already_exists","version":"1.8.0"}
[409] create collection documents -> {"message":"A collection with the requested ID already exists. Try again with a different ID or use ID.unique() to generate a unique ID.","code":409,"type":"collection_already_exists","version":"1.8.0"}
[409] create collection permissions -> {"message":"A collection with the requested ID already exists. Try again with a different ID or use ID.unique() to generate a unique ID.","code":409,"type":"collection_already_exists","version":"1.8.0"}
[409] create collection planilla_items -> {"message":"A collection with the requested ID already exists. Try again with a different ID or use ID.unique() to generate a unique ID.","code":409,"type":"collection_already_exists","version":"1.8.0"}
[409] create collection planillas -> {"message":"A collection with the requested ID already exists. Try again with a different ID or use ID.unique() to generate a unique ID.","code":409,"type":"collection_already_exists","version":"1.8.0"}
[409] create collection prestashop_configurations -> {"message":"A collection with the requested ID already exists. Try again with a different ID or use ID.unique() to generate a unique ID.","code":409,"type":"collection_already_exists","version":"1.8.0"}
[409] create collection prestashop_product_mappings -> {"message":"A collection with the requested ID already exists. Try again with a different ID or use ID.unique() to generate a unique ID.","code":409,"type":"collection_already_exists","version":"1.8.0"}
[409] create collection prestashop_sync_logs -> {"message":"A collection with the requested ID already exists. Try again with a different ID or use ID.unique() to generate a unique ID.","code":409,"type":"collection_already_exists","version":"1.8.0"}
[409] create collection prestashop_sync_queue -> {"message":"A collection with the requested ID already exists. Try again with a different ID or use ID.unique() to generate a unique ID.","code":409,"type":"collection_already_exists","version":"1.8.0"}
[409] create collection presupuestos_n -> {"message":"A collection with the requested ID already exists. Try again with a different ID or use ID.unique() to generate a unique ID.","code":409,"type":"collection_already_exists","version":"1.8.0"}
[409] create collection presupuestos_n_items -> {"message":"A collection with the requested ID already exists. Try again with a different ID or use ID.unique() to generate a unique ID.","code":409,"type":"collection_already_exists","version":"1.8.0"}
[409] create collection quote_items -> {"message":"A collection with the requested ID already exists. Try again with a different ID or use ID.unique() to generate a unique ID.","code":409,"type":"collection_already_exists","version":"1.8.0"}
[409] create collection quotes -> {"message":"A collection with the requested ID already exists. Try again with a different ID or use ID.unique() to generate a unique ID.","code":409,"type":"collection_already_exists","version":"1.8.0"}
[409] create collection role_permissions -> {"message":"A collection with the requested ID already exists. Try again with a different ID or use ID.unique() to generate a unique ID.","code":409,"type":"collection_already_exists","version":"1.8.0"}
[409] create collection roles -> {"message":"A collection with the requested ID already exists. Try again with a different ID or use ID.unique() to generate a unique ID.","code":409,"type":"collection_already_exists","version":"1.8.0"}
[409] create collection sale_items -> {"message":"A collection with the requested ID already exists. Try again with a different ID or use ID.unique() to generate a unique ID.","code":409,"type":"collection_already_exists","version":"1.8.0"}
[409] create collection sales -> {"message":"A collection with the requested ID already exists. Try again with a different ID or use ID.unique() to generate a unique ID.","code":409,"type":"collection_already_exists","version":"1.8.0"}
[409] create collection superusers -> {"message":"A collection with the requested ID already exists. Try again with a different ID or use ID.unique() to generate a unique ID.","code":409,"type":"collection_already_exists","version":"1.8.0"}
[409] create collection suppliers -> {"message":"A collection with the requested ID already exists. Try again with a different ID or use ID.unique() to generate a unique ID.","code":409,"type":"collection_already_exists","version":"1.8.0"}
[409] create collection system_settings -> {"message":"A collection with the requested ID already exists. Try again with a different ID or use ID.unique() to generate a unique ID.","code":409,"type":"collection_already_exists","version":"1.8.0"}
[409] create collection user_appearance_preferences -> {"message":"A collection with the requested ID already exists. Try again with a different ID or use ID.unique() to generate a unique ID.","code":409,"type":"collection_already_exists","version":"1.8.0"}
[409] create collection user_company_roles -> {"message":"A collection with the requested ID already exists. Try again with a different ID or use ID.unique() to generate a unique ID.","code":409,"type":"collection_already_exists","version":"1.8.0"}
[409] create collection user_permissions -> {"message":"A collection with the requested ID already exists. Try again with a different ID or use ID.unique() to generate a unique ID.","code":409,"type":"collection_already_exists","version":"1.8.0"}
[409] create collection verifactu_certificates -> {"message":"A collection with the requested ID already exists. Try again with a different ID or use ID.unique() to generate a unique ID.","code":409,"type":"collection_already_exists","version":"1.8.0"}
[409] create collection verifactu_company_config -> {"message":"A collection with the requested ID already exists. Try again with a different ID or use ID.unique() to generate a unique ID.","code":409,"type":"collection_already_exists","version":"1.8.0"}
[409] create collection verifactu_logs -> {"message":"A collection with the requested ID already exists. Try again with a different ID or use ID.unique() to generate a unique ID.","code":409,"type":"collection_already_exists","version":"1.8.0"}
[409] create collection verifactu_queue -> {"message":"A collection with the requested ID already exists. Try again with a different ID or use ID.unique() to generate a unique ID.","code":409,"type":"collection_already_exists","version":"1.8.0"}
[409] create collection verifactu_xml_documents -> {"message":"A collection with the requested ID already exists. Try again with a different ID or use ID.unique() to generate a unique ID.","code":409,"type":"collection_already_exists","version":"1.8.0"}
